<?xml version="1.0" encoding="UTF-8"?>
<!-- Generated by org.testng.reporters.JUnitXMLReporter -->
<testsuite ignored="0" hostname="DESKTOP-4P1RL6G" failures="1" tests="5" name="Command line test" time="212.649" errors="0" timestamp="26 апр. 2019 07:56:48 GMT">
  <testcase classname="ru.org.autotest.FirstTest" name="userLogin" time="17.375"/>
  <testcase classname="ru.org.autotest.SecondTest" name="changeCity" time="27.432"/>
  <testcase classname="ru.org.autotest.SecondTest" name="changeCity" time="11.34">
    <failure type="org.openqa.selenium.TimeoutException" message="Expected condition failed: waiting for visibility of element located by By.cssSelector: div.region-suggest__list-item (tried for 10 second(s) with 500 milliseconds interval)">
      <![CDATA[org.openqa.selenium.TimeoutException: Expected condition failed: waiting for visibility of element located by By.cssSelector: div.region-suggest__list-item (tried for 10 second(s) with 500 milliseconds interval)
at org.openqa.selenium.support.ui.WebDriverWait.timeoutException(WebDriverWait.java:81)
at org.openqa.selenium.support.ui.FluentWait.until(FluentWait.java:271)
at ru.org.autotest.SecondTest.changeCity(SecondTest.java:33)
Caused by: org.openqa.selenium.NoSuchElementException: Cannot locate an element using By.cssSelector: div.region-suggest__list-item
For documentation on this error, please visit: http://seleniumhq.org/exceptions/no_such_element.html
Build info: version: '3.12.0', revision: '7c6e0b3', time: '2018-05-08T14:04:26.12Z'
System info: host: 'DESKTOP-4P1RL6G', ip: '192.168.43.159', os.name: 'Windows 10', os.arch: 'amd64', os.version: '10.0', java.version: '11.0.1'
Driver info: driver.version: unknown
at org.openqa.selenium.support.ui.ExpectedConditions.lambda$findElement$0(ExpectedConditions.java:896)
at java.base/java.util.Optional.orElseThrow(Optional.java:408)
at org.openqa.selenium.support.ui.ExpectedConditions.findElement(ExpectedConditions.java:895)
at org.openqa.selenium.support.ui.ExpectedConditions.access$000(ExpectedConditions.java:44)
at org.openqa.selenium.support.ui.ExpectedConditions$7.apply(ExpectedConditions.java:206)
at org.openqa.selenium.support.ui.ExpectedConditions$7.apply(ExpectedConditions.java:202)
at org.openqa.selenium.support.ui.FluentWait.until(FluentWait.java:248)
... 36 more
... Removed 35 stack frames]]>
    </failure>
  </testcase> <!-- changeCity -->
  <testcase classname="ru.org.autotest.SecondTest" name="changeCity" time="24.895"/>
  <testcase classname="ru.org.autotest.ThirdTest" name="toothbrushOrder" time="47.457"/>
</testsuite> <!-- Command line test -->
