<!DOCTYPE html PUBLIC "-//W3C//DTD XHTML 1.1//EN" "http://www.w3.org/TR/xhtml11/DTD/xhtml11.dtd">
<html xmlns="http://www.w3.org/1999/xhtml">
<head>
<meta http-equiv="content-type" content="text/html; charset=UTF-8"/>
<title>TestNG Report</title>
<style type="text/css">table {margin-bottom:10px;border-collapse:collapse;empty-cells:show}th,td {border:1px solid #009;padding:.25em .5em}th {vertical-align:bottom}td {vertical-align:top}table a {font-weight:bold}.stripe td {background-color: #E6EBF9}.num {text-align:right}.passedodd td {background-color: #3F3}.passedeven td {background-color: #0A0}.skippedodd td {background-color: #DDD}.skippedeven td {background-color: #CCC}.failedodd td,.attn {background-color: #F33}.failedeven td,.stripe .attn {background-color: #D00}.stacktrace {white-space:pre;font-family:monospace}.totop {font-size:85%;text-align:center;border-bottom:2px solid #000}.invisible {display:none}</style>
</head>
<body>
<table>
<tr><th>Test</th><th># Passed</th><th># Skipped</th><th># Failed</th><th>Time (ms)</th><th>Included Groups</th><th>Excluded Groups</th></tr>
<tr><th colspan="7">Command line suite</th></tr>
<tr><td><a href="#t0">Command line test</a></td><td class="num">4</td><td class="num">0</td><td class="num attn">1</td><td class="num">212 649</td><td></td><td></td></tr>
</table>
<table id='summary'><thead><tr><th>Class</th><th>Method</th><th>Start</th><th>Time (ms)</th></tr></thead><tbody><tr><th colspan="4">Command line suite</th></tr></tbody><tbody id="t0"><tr><th colspan="4">Command line test &#8212; failed</th></tr><tr class="failedeven"><td rowspan="1">ru.org.autotest.SecondTest</td><td><a href="#m0">changeCity</a></td><td rowspan="1">1556265292882</td><td rowspan="1">11340</td></tr><tr><th colspan="4">Command line test &#8212; passed</th></tr><tr class="passedeven"><td rowspan="1">ru.org.autotest.FirstTest</td><td><a href="#m1">userLogin</a></td><td rowspan="1">1556265213175</td><td rowspan="1">17375</td></tr><tr class="passedodd"><td rowspan="2">ru.org.autotest.SecondTest</td><td><a href="#m2">changeCity</a></td><td rowspan="2">1556265319573</td><td rowspan="2">24895</td></tr><tr class="passedodd"><td><a href="#m3">changeCity</a></td></tr><tr class="passedeven"><td rowspan="1">ru.org.autotest.ThirdTest</td><td><a href="#m4">toothbrushOrder</a></td><td rowspan="1">1556265359668</td><td rowspan="1">47457</td></tr></tbody>
</table>
<h2>Command line test</h2><h3 id="m0">ru.org.autotest.SecondTest#changeCity</h3><table class="result"><tr class="param"><th>Parameter #1</th></tr><tr class="param stripe"><td>Энгельс</td></tr><tr><th>Exception</th></tr><tr><td><div class="stacktrace">org.openqa.selenium.TimeoutException: Expected condition failed: waiting for visibility of element located by By.cssSelector: div.region-suggest__list-item (tried for 10 second(s) with 500 milliseconds interval)
	at org.openqa.selenium.support.ui.WebDriverWait.timeoutException(WebDriverWait.java:81)
	at org.openqa.selenium.support.ui.FluentWait.until(FluentWait.java:271)
	at ru.org.autotest.SecondTest.changeCity(SecondTest.java:33)
Caused by: org.openqa.selenium.NoSuchElementException: Cannot locate an element using By.cssSelector: div.region-suggest__list-item
For documentation on this error, please visit: http://seleniumhq.org/exceptions/no_such_element.html
Build info: version: &apos;3.12.0&apos;, revision: &apos;7c6e0b3&apos;, time: &apos;2018-05-08T14:04:26.12Z&apos;
System info: host: &apos;DESKTOP-4P1RL6G&apos;, ip: &apos;192.168.43.159&apos;, os.name: &apos;Windows 10&apos;, os.arch: &apos;amd64&apos;, os.version: &apos;10.0&apos;, java.version: &apos;11.0.1&apos;
Driver info: driver.version: unknown
	at org.openqa.selenium.support.ui.ExpectedConditions.lambda$findElement$0(ExpectedConditions.java:896)
	at java.base/java.util.Optional.orElseThrow(Optional.java:408)
	at org.openqa.selenium.support.ui.ExpectedConditions.findElement(ExpectedConditions.java:895)
	at org.openqa.selenium.support.ui.ExpectedConditions.access$000(ExpectedConditions.java:44)
	at org.openqa.selenium.support.ui.ExpectedConditions$7.apply(ExpectedConditions.java:206)
	at org.openqa.selenium.support.ui.ExpectedConditions$7.apply(ExpectedConditions.java:202)
	at org.openqa.selenium.support.ui.FluentWait.until(FluentWait.java:248)
	... 36 more
... Removed 35 stack frames</div></td></tr></table><p class="totop"><a href="#summary">back to summary</a></p>
<h3 id="m1">ru.org.autotest.FirstTest#userLogin</h3><table class="result"><tr><th class="invisible"/></tr></table><p class="totop"><a href="#summary">back to summary</a></p>
<h3 id="m2">ru.org.autotest.SecondTest#changeCity</h3><table class="result"><tr class="param"><th>Parameter #1</th></tr><tr class="param stripe"><td>Балаково</td></tr></table><p class="totop"><a href="#summary">back to summary</a></p>
<h3 id="m3">ru.org.autotest.SecondTest#changeCity</h3><table class="result"><tr class="param"><th>Parameter #1</th></tr><tr class="param stripe"><td>Хвалынск</td></tr></table><p class="totop"><a href="#summary">back to summary</a></p>
<h3 id="m4">ru.org.autotest.ThirdTest#toothbrushOrder</h3><table class="result"><tr><th class="invisible"/></tr></table><p class="totop"><a href="#summary">back to summary</a></p>
</body>
</html>
