<?xml version="1.0" encoding="UTF-8"?>
<testng-results ignored="0" total="5" passed="4" failed="1" skipped="0">
  <reporter-output>
  </reporter-output>
  <suite started-at="2019-04-26T07:53:15Z" name="Command line suite" finished-at="2019-04-26T07:56:48Z" duration-ms="212649">
    <groups>
    </groups>
    <test started-at="2019-04-26T07:53:15Z" name="Command line test" finished-at="2019-04-26T07:56:48Z" duration-ms="212649">
      <class name="ru.org.autotest.SecondTest">
        <test-method is-config="true" signature="setup()[pri:0, instance:ru.org.autotest.SecondTest@76908cc0]" started-at="2019-04-26T07:53:51Z" name="setup" finished-at="2019-04-26T07:54:07Z" duration-ms="15312" status="PASS">
          <reporter-output>
          </reporter-output>
        </test-method> <!-- setup -->
        <test-method signature="changeCity(java.lang.String)[pri:0, instance:ru.org.autotest.SecondTest@76908cc0]" started-at="2019-04-26T07:54:07Z" name="changeCity" data-provider="cityName" finished-at="2019-04-26T07:54:34Z" duration-ms="27432" status="PASS">
          <params>
            <param index="0">
              <value>
                <![CDATA[Хвалынск]]>
              </value>
            </param>
          </params>
          <reporter-output>
          </reporter-output>
        </test-method> <!-- changeCity -->
        <test-method is-config="true" signature="signOut()[pri:0, instance:ru.org.autotest.SecondTest@76908cc0]" started-at="2019-04-26T07:54:34Z" name="signOut" finished-at="2019-04-26T07:54:35Z" duration-ms="1264" status="PASS">
          <reporter-output>
          </reporter-output>
        </test-method> <!-- signOut -->
        <test-method is-config="true" signature="setup()[pri:0, instance:ru.org.autotest.SecondTest@76908cc0]" started-at="2019-04-26T07:54:35Z" name="setup" finished-at="2019-04-26T07:54:52Z" duration-ms="16982" status="PASS">
          <reporter-output>
          </reporter-output>
        </test-method> <!-- setup -->
        <test-method signature="changeCity(java.lang.String)[pri:0, instance:ru.org.autotest.SecondTest@76908cc0]" started-at="2019-04-26T07:54:52Z" name="changeCity" data-provider="cityName" finished-at="2019-04-26T07:55:04Z" duration-ms="11340" status="FAIL">
          <params>
            <param index="0">
              <value>
                <![CDATA[Энгельс]]>
              </value>
            </param>
          </params>
          <exception class="org.openqa.selenium.TimeoutException">
            <message>
              <![CDATA[Expected condition failed: waiting for visibility of element located by By.cssSelector: div.region-suggest__list-item (tried for 10 second(s) with 500 milliseconds interval)]]>
            </message>
            <full-stacktrace>
              <![CDATA[org.openqa.selenium.TimeoutException: Expected condition failed: waiting for visibility of element located by By.cssSelector: div.region-suggest__list-item (tried for 10 second(s) with 500 milliseconds interval)
at org.openqa.selenium.support.ui.WebDriverWait.timeoutException(WebDriverWait.java:81)
at org.openqa.selenium.support.ui.FluentWait.until(FluentWait.java:271)
at ru.org.autotest.SecondTest.changeCity(SecondTest.java:33)
at java.base/jdk.internal.reflect.NativeMethodAccessorImpl.invoke0(Native Method)
at java.base/jdk.internal.reflect.NativeMethodAccessorImpl.invoke(NativeMethodAccessorImpl.java:62)
at java.base/jdk.internal.reflect.DelegatingMethodAccessorImpl.invoke(DelegatingMethodAccessorImpl.java:43)
at java.base/java.lang.reflect.Method.invoke(Method.java:566)
at org.testng.internal.MethodInvocationHelper.invokeMethod(MethodInvocationHelper.java:124)
at org.testng.internal.Invoker.invokeMethod(Invoker.java:583)
at org.testng.internal.Invoker.invokeTestMethod(Invoker.java:719)
at org.testng.internal.Invoker.invokeTestMethods(Invoker.java:989)
at org.testng.internal.TestMethodWorker.invokeTestMethods(TestMethodWorker.java:125)
at org.testng.internal.TestMethodWorker.run(TestMethodWorker.java:109)
at org.testng.TestRunner.privateRun(TestRunner.java:648)
at org.testng.TestRunner.run(TestRunner.java:505)
at org.testng.SuiteRunner.runTest(SuiteRunner.java:455)
at org.testng.SuiteRunner.runSequentially(SuiteRunner.java:450)
at org.testng.SuiteRunner.privateRun(SuiteRunner.java:415)
at org.testng.SuiteRunner.run(SuiteRunner.java:364)
at org.testng.SuiteRunnerWorker.runSuite(SuiteRunnerWorker.java:52)
at org.testng.SuiteRunnerWorker.run(SuiteRunnerWorker.java:84)
at org.testng.TestNG.runSuitesSequentially(TestNG.java:1208)
at org.testng.TestNG.runSuitesLocally(TestNG.java:1137)
at org.testng.TestNG.runSuites(TestNG.java:1049)
at org.testng.TestNG.run(TestNG.java:1017)
at org.apache.maven.surefire.testng.TestNGExecutor.run(TestNGExecutor.java:77)
at org.apache.maven.surefire.testng.TestNGDirectoryTestSuite.executeMulti(TestNGDirectoryTestSuite.java:159)
at org.apache.maven.surefire.testng.TestNGDirectoryTestSuite.execute(TestNGDirectoryTestSuite.java:99)
at org.apache.maven.surefire.testng.TestNGProvider.invoke(TestNGProvider.java:106)
at java.base/jdk.internal.reflect.NativeMethodAccessorImpl.invoke0(Native Method)
at java.base/jdk.internal.reflect.NativeMethodAccessorImpl.invoke(NativeMethodAccessorImpl.java:62)
at java.base/jdk.internal.reflect.DelegatingMethodAccessorImpl.invoke(DelegatingMethodAccessorImpl.java:43)
at java.base/java.lang.reflect.Method.invoke(Method.java:566)
at org.apache.maven.surefire.util.ReflectionUtils.invokeMethodWithArray(ReflectionUtils.java:189)
at org.apache.maven.surefire.booter.ProviderFactory$ProviderProxy.invoke(ProviderFactory.java:165)
at org.apache.maven.surefire.booter.ProviderFactory.invokeProvider(ProviderFactory.java:85)
at org.apache.maven.surefire.booter.ForkedBooter.runSuitesInProcess(ForkedBooter.java:115)
at org.apache.maven.surefire.booter.ForkedBooter.main(ForkedBooter.java:75)
Caused by: org.openqa.selenium.NoSuchElementException: Cannot locate an element using By.cssSelector: div.region-suggest__list-item
For documentation on this error, please visit: http://seleniumhq.org/exceptions/no_such_element.html
Build info: version: '3.12.0', revision: '7c6e0b3', time: '2018-05-08T14:04:26.12Z'
System info: host: 'DESKTOP-4P1RL6G', ip: '192.168.43.159', os.name: 'Windows 10', os.arch: 'amd64', os.version: '10.0', java.version: '11.0.1'
Driver info: driver.version: unknown
at org.openqa.selenium.support.ui.ExpectedConditions.lambda$findElement$0(ExpectedConditions.java:896)
at java.base/java.util.Optional.orElseThrow(Optional.java:408)
at org.openqa.selenium.support.ui.ExpectedConditions.findElement(ExpectedConditions.java:895)
at org.openqa.selenium.support.ui.ExpectedConditions.access$000(ExpectedConditions.java:44)
at org.openqa.selenium.support.ui.ExpectedConditions$7.apply(ExpectedConditions.java:206)
at org.openqa.selenium.support.ui.ExpectedConditions$7.apply(ExpectedConditions.java:202)
at org.openqa.selenium.support.ui.FluentWait.until(FluentWait.java:248)
... 36 more
]]>
            </full-stacktrace>
          </exception> <!-- org.openqa.selenium.TimeoutException -->
          <reporter-output>
          </reporter-output>
        </test-method> <!-- changeCity -->
        <test-method is-config="true" signature="signOut()[pri:0, instance:ru.org.autotest.SecondTest@76908cc0]" started-at="2019-04-26T07:55:04Z" name="signOut" finished-at="2019-04-26T07:55:05Z" duration-ms="1397" status="PASS">
          <reporter-output>
          </reporter-output>
        </test-method> <!-- signOut -->
        <test-method is-config="true" signature="setup()[pri:0, instance:ru.org.autotest.SecondTest@76908cc0]" started-at="2019-04-26T07:55:05Z" name="setup" finished-at="2019-04-26T07:55:19Z" duration-ms="13947" status="PASS">
          <reporter-output>
          </reporter-output>
        </test-method> <!-- setup -->
        <test-method signature="changeCity(java.lang.String)[pri:0, instance:ru.org.autotest.SecondTest@76908cc0]" started-at="2019-04-26T07:55:19Z" name="changeCity" data-provider="cityName" finished-at="2019-04-26T07:55:44Z" duration-ms="24895" status="PASS">
          <params>
            <param index="0">
              <value>
                <![CDATA[Балаково]]>
              </value>
            </param>
          </params>
          <reporter-output>
          </reporter-output>
        </test-method> <!-- changeCity -->
        <test-method is-config="true" signature="signOut()[pri:0, instance:ru.org.autotest.SecondTest@76908cc0]" started-at="2019-04-26T07:55:44Z" name="signOut" finished-at="2019-04-26T07:55:45Z" duration-ms="1104" status="PASS">
          <reporter-output>
          </reporter-output>
        </test-method> <!-- signOut -->
      </class> <!-- ru.org.autotest.SecondTest -->
      <class name="ru.org.autotest.FirstTest">
        <test-method is-config="true" signature="setup()[pri:0, instance:ru.org.autotest.FirstTest@659a969b]" started-at="2019-04-26T07:53:15Z" name="setup" finished-at="2019-04-26T07:53:33Z" duration-ms="17633" status="PASS">
          <reporter-output>
          </reporter-output>
        </test-method> <!-- setup -->
        <test-method signature="userLogin()[pri:0, instance:ru.org.autotest.FirstTest@659a969b]" started-at="2019-04-26T07:53:33Z" name="userLogin" finished-at="2019-04-26T07:53:50Z" duration-ms="17375" status="PASS">
          <reporter-output>
          </reporter-output>
        </test-method> <!-- userLogin -->
        <test-method is-config="true" signature="signOut()[pri:0, instance:ru.org.autotest.FirstTest@659a969b]" started-at="2019-04-26T07:53:50Z" name="signOut" finished-at="2019-04-26T07:53:51Z" duration-ms="1338" status="PASS">
          <reporter-output>
          </reporter-output>
        </test-method> <!-- signOut -->
      </class> <!-- ru.org.autotest.FirstTest -->
      <class name="ru.org.autotest.ThirdTest">
        <test-method is-config="true" signature="setup()[pri:0, instance:ru.org.autotest.ThirdTest@2473d930]" started-at="2019-04-26T07:55:45Z" name="setup" finished-at="2019-04-26T07:55:59Z" duration-ms="14095" status="PASS">
          <reporter-output>
          </reporter-output>
        </test-method> <!-- setup -->
        <test-method signature="toothbrushOrder()[pri:0, instance:ru.org.autotest.ThirdTest@2473d930]" started-at="2019-04-26T07:55:59Z" name="toothbrushOrder" finished-at="2019-04-26T07:56:47Z" duration-ms="47457" status="PASS">
          <reporter-output>
          </reporter-output>
        </test-method> <!-- toothbrushOrder -->
        <test-method is-config="true" signature="signOut()[pri:0, instance:ru.org.autotest.ThirdTest@2473d930]" started-at="2019-04-26T07:56:47Z" name="signOut" finished-at="2019-04-26T07:56:48Z" duration-ms="1017" status="PASS">
          <reporter-output>
          </reporter-output>
        </test-method> <!-- signOut -->
      </class> <!-- ru.org.autotest.ThirdTest -->
    </test> <!-- Command line test -->
  </suite> <!-- Command line suite -->
</testng-results>
